<?xml version="1.0" encoding="UTF-8" standalone="no"?><testsuites><testsuite errors="0" failures="0" hostname="OVHY6DBM7559PN9D_LENOVO_IdeaTabA1000-G" name="com.ulhack.tc.test" tests="14" time="0.0000" timestamp="Fri Apr 04 10:13:53 WIB 2014"><properties>
[...]
</properties><testcase classname="com.ulhack.tc.test.EditNumberTest" name="testAndroidTestCaseSetupProperly" time="0.0020"/><testcase classname="com.ulhack.tc.test.EditNumberTest" name="testClear" time="0.0000"/><testcase classname="com.ulhack.tc.test.EditNumberTest" name="testEditNumberContext" time="0.0010"/><testcase classname="com.ulhack.tc.test.EditNumberTest" name="testGetNumber" time="0.0010"/><testcase classname="com.ulhack.tc.test.EditNumberTest" name="testSetNumber" time="0.0010"/><testcase classname="com.ulhack.tc.test.TemperatureConverterActivityTests" name="testAlignment" time="0.9120"/><testcase classname="com.ulhack.tc.test.TemperatureConverterActivityTests" name="testCelsiusToFahrenheitConversion" time="0.9390"/><testcase classname="com.ulhack.tc.test.TemperatureConverterActivityTests" name="testFahrenheitToCelsiusConversion" time="0.9600"/><testcase classname="com.ulhack.tc.test.TemperatureConverterActivityTests" name="testFieldsOnScreen" time="0.9850"/><testcase classname="com.ulhack.tc.test.TemperatureConverterActivityTests" name="testFieldsShouldStartEmpty" time="1.0170"/><testcase classname="com.ulhack.tc.test.TemperatureConverterActivityTests" name="testJustification" time="0.7840"/><testcase classname="com.ulhack.tc.test.TemperatureConvetertTest" name="testCelsiusToFahrenheit" time="0.0000"/><testcase classname="com.ulhack.tc.test.TemperatureConvetertTest" name="testFahrenheitToCelsius" time="0.0010"/><testcase classname="com.ulhack.tc.test.TemperatureConvetertTest" name="testPrivateConstructor" time="0.0010"/></testsuite></testsuites>